[38;5;112m[Appium][0m Welcome to Appium v3.2.0
[38;5;112m[Appium][0m Non-default server args:
[38;5;112m[Appium][0m { basePath: [32m'/wd/hub'[39m, loglevel: [32m'info'[39m, port: [33m53690[39m }
[38;5;112m[Appium][0m Attempting to load driver uiautomator2...
[38;5;112m[Appium][0m Appium REST http interface listener started on http://0.0.0.0:53690/wd/hub
[38;5;112m[Appium][0m You can provide the following URLs in your client code to connect to this server:
	http://169.254.193.194:53690/wd/hub
	http://192.168.0.115:53690/wd/hub
	http://127.0.0.1:53690/wd/hub (only accessible from the same host)
[38;5;112m[Appium][0m Available drivers:
[38;5;112m[Appium][0m   - uiautomator2@6.7.13 (automationName 'UiAutomator2')
[38;5;112m[Appium][0m No plugins have been installed. Use the "appium plugin" command to install the one(s) you want to use.
[38;5;86m[HTTP][0m [37m-->[39m [37mGET[39m [37m/wd/hub/status[39m [90m[39m
[38;5;86m[HTTP][0m [37m<-- GET /wd/hub/status [39m[32m200[39m [90m5 ms - 110[39m [90m[39m
[38;5;86m[HTTP][0m [37m-->[39m [37mGET[39m [37m/wd/hub/status[39m [90m[39m
[38;5;86m[HTTP][0m [37m<-- GET /wd/hub/status [39m[32m200[39m [90m1 ms - 110[39m [90m[39m
[38;5;86m[HTTP][0m [37m-->[39m [37mPOST[39m [37m/wd/hub/session[39m [90m{"capabilities":{"firstMatch":[{"appium:autoGrantPermissions":true,"appium:automationName":"uiautomator2","appium:deviceName":"vivo vivo 1819 (Android 11)","appium:newCommandTimeout":1800,"appium:platformVersion":"11","appium:systemPort":8254,"appium:udid":"NJZPT8UGAAKRPBK7","platformName":"ANDROID"}]},"desiredCapabilities":{"appium:autoGrantPermissions":true,"appium:automationName":"uiautomator2","appium:deviceName":"vivo vivo 1819 (Android 11)","appium:newCommandTimeout":1800,"appium:platformVersion":"11","appium:systemPort":8254,"appium:udid":"NJZPT8UGAAKRPBK7","platformName":"ANDROID"}}[39m
[38;5;123m[BaseDriver][0m The following arguments are not known and will be ignored: desiredCapabilities
[38;5;112m[Appium][0m Attempting to find matching driver for automationName 'uiautomator2' and platformName 'ANDROID'
[38;5;112m[Appium][0m The 'uiautomator2' driver was installed and matched caps.
[38;5;112m[Appium][0m Will require it at C:\Users\harik\.appium\node_modules\appium-uiautomator2-driver
[38;5;147m[AppiumDriver@554c][0m Appium v3.2.0 creating new AndroidUiautomator2Driver (v6.7.13) session
[38;5;147m[AppiumDriver@554c][0m Checking BaseDriver versions for Appium and AndroidUiautomator2Driver
[38;5;147m[AppiumDriver@554c][0m Appium's BaseDriver version is 10.2.0
[38;5;147m[AppiumDriver@554c][0m AndroidUiautomator2Driver's BaseDriver version is 10.2.0
[38;5;180m[9b39503c][0m[38;5;-111m[AndroidUiautomator2Driver@3bd3][0m Session created with session id: 9b39503c-7d37-442d-ab34-73b6e8a9d6ac
[38;5;180m[9b39503c][0m[38;5;229m[ADB][0m Found 1 'build-tools' folders under 'C:\Users\harik\.katalon\tools\android_sdk' (newest first):
[38;5;180m[9b39503c][0m[38;5;229m[ADB][0m     C:\Users\harik\.katalon\tools\android_sdk\build-tools\29.0.3
[38;5;180m[9b39503c][0m[38;5;229m[ADB][0m Using 'adb.exe' from 'C:\Users\harik\.katalon\tools\android_sdk\platform-tools\adb.exe'
[38;5;180m[9b39503c][0m[38;5;-111m[AndroidUiautomator2Driver@3bd3][0m Retrieving device list
[38;5;180m[9b39503c][0m[38;5;-111m[AndroidUiautomator2Driver@3bd3][0m Using device: NJZPT8UGAAKRPBK7
[38;5;180m[9b39503c][0m[38;5;229m[ADB][0m Using 'adb.exe' from 'C:\Users\harik\.katalon\tools\android_sdk\platform-tools\adb.exe'
[38;5;180m[9b39503c][0m[38;5;-111m[AndroidUiautomator2Driver@3bd3][0m Neither 'app' nor 'appPackage' was set. Starting UiAutomator2 without the target application
[38;5;180m[9b39503c][0m[38;5;229m[ADB][0m Getting device platform version
[38;5;180m[9b39503c][0m[38;5;-111m[AndroidUiautomator2Driver@3bd3][0m Relaxing hidden api policy
[38;5;180m[9b39503c][0m[38;5;229m[ADB][0m Using 'aapt2.exe' from 'C:\Users\harik\.katalon\tools\android_sdk\build-tools\29.0.3\aapt2.exe'
[38;5;180m[9b39503c][0m[38;5;-111m[AndroidUiautomator2Driver@3bd3][0m Server packages are not going to be (re)installed
[38;5;180m[9b39503c][0m[38;5;229m[ADB][0m Adding packages ["io.appium.settings","io.appium.uiautomator2.server","io.appium.uiautomator2.server.test"] to Doze whitelist
[38;5;180m[9b39503c][0m[38;5;-111m[AndroidUiautomator2Driver@3bd3][0m Starting UIAutomator2 server 9.10.2
[38;5;180m[9b39503c][0m[38;5;-111m[AndroidUiautomator2Driver@3bd3][0m Using UIAutomator2 server from 'C:\Users\harik\.appium\node_modules\appium-uiautomator2-driver\node_modules\appium-uiautomator2-server\apks\appium-uiautomator2-server-v9.10.2.apk' and test from 'C:\Users\harik\.appium\node_modules\appium-uiautomator2-driver\node_modules\appium-uiautomator2-server\apks\appium-uiautomator2-server-debug-androidTest.apk'
[38;5;180m[9b39503c][0m[38;5;-111m[AndroidUiautomator2Driver@3bd3][0m Waiting up to 30000ms for UiAutomator2 to be online...
[38;5;180m[9b39503c][0m[38;5;-111m[AndroidUiautomator2Driver@3bd3][0m socket hang up
[38;5;180m[9b39503c][0m[38;5;-111m[AndroidUiautomator2Driver@3bd3][0m socket hang up
[38;5;180m[9b39503c][0m[38;5;-111m[AndroidUiautomator2Driver@3bd3][0m Determined the downstream protocol as 'W3C'
[38;5;180m[9b39503c][0m[38;5;-111m[AndroidUiautomator2Driver@3bd3][0m Screen already unlocked, doing nothing
[38;5;180m[9b39503c][0m[38;5;147m[AppiumDriver@554c][0m New AndroidUiautomator2Driver session created successfully, session 9b39503c-7d37-442d-ab34-73b6e8a9d6ac added to master session list
[38;5;180m[9b39503c][0m[38;5;86m[HTTP][0m [37m<-- POST /wd/hub/session [39m[32m200[39m [90m3832 ms - 975[39m [90m[39m
[38;5;86m[HTTP][0m [37m-->[39m [37mGET[39m [37m/status[39m [90m[39m
[38;5;86m[HTTP][0m [37m<-- GET /status [39m[33m404[39m [90m5 ms - 3095[39m [90m[39m
[38;5;180m[9b39503c][0m[38;5;86m[HTTP][0m [37m-->[39m [37mPOST[39m [37m/wd/hub/session/9b39503c-7d37-442d-ab34-73b6e8a9d6ac/timeouts[39m [90m{"implicit":60000}[39m
[38;5;180m[9b39503c][0m[38;5;86m[HTTP][0m [37m<-- POST /wd/hub/session/9b39503c-7d37-442d-ab34-73b6e8a9d6ac/timeouts [39m[32m200[39m [90m3 ms - 14[39m [90m[39m
[38;5;180m[9b39503c][0m[38;5;86m[HTTP][0m [37m-->[39m [37mPOST[39m [37m/wd/hub/session/9b39503c-7d37-442d-ab34-73b6e8a9d6ac/execute/sync[39m [90m{"args":[],"script":"mobile: getSystemBars"}[39m
[38;5;180m[9b39503c][0m[38;5;-111m[AndroidUiautomator2Driver@3bd3][0m No windows have been found whose title matches to 'StatusBar'. Assuming it is invisible. Only the following windows are available: HiBoard
[38;5;180m[9b39503c][0m[38;5;-111m[AndroidUiautomator2Driver@3bd3][0m No windows have been found whose title matches to 'NavigationBar'. Assuming it is invisible. Only the following windows are available: HiBoard
[38;5;180m[9b39503c][0m[38;5;86m[HTTP][0m [37m<-- POST /wd/hub/session/9b39503c-7d37-442d-ab34-73b6e8a9d6ac/execute/sync [39m[32m200[39m [90m164 ms - 141[39m [90m[39m
[38;5;180m[9b39503c][0m[38;5;86m[HTTP][0m [37m-->[39m [37mPOST[39m [37m/wd/hub/session/9b39503c-7d37-442d-ab34-73b6e8a9d6ac/execute/sync[39m [90m{"args":[],"script":"mobile:viewportRect"}[39m
[38;5;180m[9b39503c][0m[38;5;86m[HTTP][0m [37m<-- POST /wd/hub/session/9b39503c-7d37-442d-ab34-73b6e8a9d6ac/execute/sync [39m[32m200[39m [90m26 ms - 56[39m [90m[39m
[38;5;180m[9b39503c][0m[38;5;86m[HTTP][0m [37m-->[39m [37mPOST[39m [37m/wd/hub/session/9b39503c-7d37-442d-ab34-73b6e8a9d6ac/execute/sync[39m [90m{"args":[{"appId":"com.nexdha.nexpay","bundleId":"com.nexdha.nexpay"}],"script":"mobile: activateApp"}[39m
[38;5;180m[9b39503c][0m[38;5;123m[BaseDriver][0m The following arguments are not known and will be ignored: bundleId
[38;5;180m[9b39503c][0m[38;5;86m[HTTP][0m [37m<-- POST /wd/hub/session/9b39503c-7d37-442d-ab34-73b6e8a9d6ac/execute/sync [39m[32m200[39m [90m179 ms - 14[39m [90m[39m
[38;5;180m[9b39503c][0m[38;5;86m[HTTP][0m [37m-->[39m [37mGET[39m [37m/wd/hub/session/9b39503c-7d37-442d-ab34-73b6e8a9d6ac/source[39m [90m{}[39m
[38;5;180m[9b39503c][0m[38;5;-111m[AndroidUiautomator2Driver@3bd3][0m Driver proxy active, passing request on via HTTP proxy
[38;5;180m[9b39503c][0m[38;5;-111m[AndroidUiautomator2Driver@3bd3][0m Replacing sessionId c654e46f-5901-452b-935f-74846536eb21 with 9b39503c-7d37-442d-ab34-73b6e8a9d6ac
[38;5;180m[9b39503c][0m[38;5;86m[HTTP][0m [37m<-- GET /wd/hub/session/9b39503c-7d37-442d-ab34-73b6e8a9d6ac/source [39m[32m200[39m [90m1521 ms - 146514[39m [90m[39m
[38;5;180m[9b39503c][0m[38;5;86m[HTTP][0m [37m-->[39m [37mGET[39m [37m/wd/hub/session/9b39503c-7d37-442d-ab34-73b6e8a9d6ac/screenshot[39m [90m{}[39m
[38;5;180m[9b39503c][0m[38;5;86m[HTTP][0m [37m<-- GET /wd/hub/session/9b39503c-7d37-442d-ab34-73b6e8a9d6ac/screenshot [39m[32m200[39m [90m1041 ms - 859988[39m [90m[39m
[38;5;180m[9b39503c][0m[38;5;86m[HTTP][0m [37m-->[39m [37mGET[39m [37m/wd/hub/session/9b39503c-7d37-442d-ab34-73b6e8a9d6ac/timeouts[39m [90m{}[39m
[38;5;180m[9b39503c][0m[38;5;86m[HTTP][0m [37m<-- GET /wd/hub/session/9b39503c-7d37-442d-ab34-73b6e8a9d6ac/timeouts [39m[32m200[39m [90m3 ms - 46[39m [90m[39m
[38;5;180m[9b39503c][0m[38;5;86m[HTTP][0m [37m-->[39m [37mPOST[39m [37m/wd/hub/session/9b39503c-7d37-442d-ab34-73b6e8a9d6ac/timeouts[39m [90m{"implicit":0}[39m
[38;5;180m[9b39503c][0m[38;5;86m[HTTP][0m [37m<-- POST /wd/hub/session/9b39503c-7d37-442d-ab34-73b6e8a9d6ac/timeouts [39m[32m200[39m [90m1 ms - 14[39m [90m[39m
[38;5;180m[9b39503c][0m[38;5;86m[HTTP][0m [37m-->[39m [37mPOST[39m [37m/wd/hub/session/9b39503c-7d37-442d-ab34-73b6e8a9d6ac/elements[39m [90m{"value":"//*[@class = 'android.widget.LinearLayout' and @resource-id = 'com.nexdha.nexpay:id/navigation_bar_item_content_container' and (@text = '' or . = '')]","using":"xpath"}[39m
[38;5;180m[9b39503c][0m[38;5;86m[HTTP][0m [37m<-- POST /wd/hub/session/9b39503c-7d37-442d-ab34-73b6e8a9d6ac/elements [39m[32m200[39m [90m1743 ms - 395[39m [90m[39m
[38;5;180m[9b39503c][0m[38;5;86m[HTTP][0m [37m-->[39m [37mPOST[39m [37m/wd/hub/session/9b39503c-7d37-442d-ab34-73b6e8a9d6ac/timeouts[39m [90m{"implicit":60000}[39m
[38;5;180m[9b39503c][0m[38;5;86m[HTTP][0m [37m<-- POST /wd/hub/session/9b39503c-7d37-442d-ab34-73b6e8a9d6ac/timeouts [39m[32m200[39m [90m5 ms - 14[39m [90m[39m
[38;5;180m[9b39503c][0m[38;5;86m[HTTP][0m [37m-->[39m [37mPOST[39m [37m/wd/hub/session/9b39503c-7d37-442d-ab34-73b6e8a9d6ac/element/00000000-0000-0098-ffff-ffff00000025/click[39m [90m{"id":"00000000-0000-0098-ffff-ffff00000025"}[39m
[38;5;180m[9b39503c][0m[38;5;86m[HTTP][0m [37m<-- POST /wd/hub/session/9b39503c-7d37-442d-ab34-73b6e8a9d6ac/element/00000000-0000-0098-ffff-ffff00000025/click [39m[32m200[39m [90m98 ms - 14[39m [90m[39m
[38;5;180m[9b39503c][0m[38;5;86m[HTTP][0m [37m-->[39m [37mGET[39m [37m/wd/hub/session/9b39503c-7d37-442d-ab34-73b6e8a9d6ac/source[39m [90m{}[39m
[38;5;180m[9b39503c][0m[38;5;-111m[AndroidUiautomator2Driver@3bd3][0m Driver proxy active, passing request on via HTTP proxy
[38;5;180m[9b39503c][0m[38;5;-111m[AndroidUiautomator2Driver@3bd3][0m Replacing sessionId c654e46f-5901-452b-935f-74846536eb21 with 9b39503c-7d37-442d-ab34-73b6e8a9d6ac
[38;5;180m[9b39503c][0m[38;5;86m[HTTP][0m [37m<-- GET /wd/hub/session/9b39503c-7d37-442d-ab34-73b6e8a9d6ac/source [39m[32m200[39m [90m1714 ms - 146514[39m [90m[39m
[38;5;180m[9b39503c][0m[38;5;86m[HTTP][0m [37m-->[39m [37mGET[39m [37m/wd/hub/session/9b39503c-7d37-442d-ab34-73b6e8a9d6ac/screenshot[39m [90m{}[39m
[38;5;180m[9b39503c][0m[38;5;86m[HTTP][0m [37m<-- GET /wd/hub/session/9b39503c-7d37-442d-ab34-73b6e8a9d6ac/screenshot [39m[32m200[39m [90m1101 ms - 659236[39m [90m[39m
[38;5;180m[9b39503c][0m[38;5;86m[HTTP][0m [37m-->[39m [37mGET[39m [37m/wd/hub/session/9b39503c-7d37-442d-ab34-73b6e8a9d6ac/timeouts[39m [90m{}[39m
[38;5;180m[9b39503c][0m[38;5;86m[HTTP][0m [37m<-- GET /wd/hub/session/9b39503c-7d37-442d-ab34-73b6e8a9d6ac/timeouts [39m[32m200[39m [90m1 ms - 46[39m [90m[39m
[38;5;180m[9b39503c][0m[38;5;86m[HTTP][0m [37m-->[39m [37mPOST[39m [37m/wd/hub/session/9b39503c-7d37-442d-ab34-73b6e8a9d6ac/timeouts[39m [90m{"implicit":0}[39m
[38;5;180m[9b39503c][0m[38;5;86m[HTTP][0m [37m<-- POST /wd/hub/session/9b39503c-7d37-442d-ab34-73b6e8a9d6ac/timeouts [39m[32m200[39m [90m1 ms - 14[39m [90m[39m
[38;5;180m[9b39503c][0m[38;5;86m[HTTP][0m [37m-->[39m [37mPOST[39m [37m/wd/hub/session/9b39503c-7d37-442d-ab34-73b6e8a9d6ac/elements[39m [90m{"value":"//*[@class = 'android.widget.TextView' and (@text = 'History' or . = 'History') and @resource-id = 'com.nexdha.nexpay:id/navigation_bar_item_small_label_view']","using":"xpath"}[39m
[38;5;180m[9b39503c][0m[38;5;86m[HTTP][0m [37m<-- POST /wd/hub/session/9b39503c-7d37-442d-ab34-73b6e8a9d6ac/elements [39m[32m200[39m [90m1286 ms - 139[39m [90m[39m
[38;5;180m[9b39503c][0m[38;5;86m[HTTP][0m [37m-->[39m [37mPOST[39m [37m/wd/hub/session/9b39503c-7d37-442d-ab34-73b6e8a9d6ac/timeouts[39m [90m{"implicit":60000}[39m
[38;5;180m[9b39503c][0m[38;5;86m[HTTP][0m [37m<-- POST /wd/hub/session/9b39503c-7d37-442d-ab34-73b6e8a9d6ac/timeouts [39m[32m200[39m [90m4 ms - 14[39m [90m[39m
[38;5;180m[9b39503c][0m[38;5;86m[HTTP][0m [37m-->[39m [37mPOST[39m [37m/wd/hub/session/9b39503c-7d37-442d-ab34-73b6e8a9d6ac/element/00000000-0000-0098-ffff-ffff00000034/click[39m [90m{"id":"00000000-0000-0098-ffff-ffff00000034"}[39m
[38;5;180m[9b39503c][0m[38;5;86m[HTTP][0m [37m<-- POST /wd/hub/session/9b39503c-7d37-442d-ab34-73b6e8a9d6ac/element/00000000-0000-0098-ffff-ffff00000034/click [39m[32m200[39m [90m95 ms - 14[39m [90m[39m
[38;5;180m[9b39503c][0m[38;5;86m[HTTP][0m [37m-->[39m [37mGET[39m [37m/wd/hub/session/9b39503c-7d37-442d-ab34-73b6e8a9d6ac/source[39m [90m{}[39m
[38;5;180m[9b39503c][0m[38;5;-111m[AndroidUiautomator2Driver@3bd3][0m Driver proxy active, passing request on via HTTP proxy
[38;5;180m[9b39503c][0m[38;5;-111m[AndroidUiautomator2Driver@3bd3][0m Replacing sessionId c654e46f-5901-452b-935f-74846536eb21 with 9b39503c-7d37-442d-ab34-73b6e8a9d6ac
[38;5;180m[9b39503c][0m[38;5;86m[HTTP][0m [37m<-- GET /wd/hub/session/9b39503c-7d37-442d-ab34-73b6e8a9d6ac/source [39m[32m200[39m [90m1191 ms - 59919[39m [90m[39m
[38;5;180m[9b39503c][0m[38;5;86m[HTTP][0m [37m-->[39m [37mGET[39m [37m/wd/hub/session/9b39503c-7d37-442d-ab34-73b6e8a9d6ac/screenshot[39m [90m{}[39m
[38;5;180m[9b39503c][0m[38;5;86m[HTTP][0m [37m<-- GET /wd/hub/session/9b39503c-7d37-442d-ab34-73b6e8a9d6ac/screenshot [39m[32m200[39m [90m714 ms - 198376[39m [90m[39m
[38;5;180m[9b39503c][0m[38;5;86m[HTTP][0m [37m-->[39m [37mGET[39m [37m/wd/hub/session/9b39503c-7d37-442d-ab34-73b6e8a9d6ac/timeouts[39m [90m{}[39m
[38;5;180m[9b39503c][0m[38;5;86m[HTTP][0m [37m<-- GET /wd/hub/session/9b39503c-7d37-442d-ab34-73b6e8a9d6ac/timeouts [39m[32m200[39m [90m2 ms - 46[39m [90m[39m
[38;5;180m[9b39503c][0m[38;5;86m[HTTP][0m [37m-->[39m [37mPOST[39m [37m/wd/hub/session/9b39503c-7d37-442d-ab34-73b6e8a9d6ac/timeouts[39m [90m{"implicit":0}[39m
[38;5;180m[9b39503c][0m[38;5;86m[HTTP][0m [37m<-- POST /wd/hub/session/9b39503c-7d37-442d-ab34-73b6e8a9d6ac/timeouts [39m[32m200[39m [90m1 ms - 14[39m [90m[39m
[38;5;180m[9b39503c][0m[38;5;86m[HTTP][0m [37m-->[39m [37mPOST[39m [37m/wd/hub/session/9b39503c-7d37-442d-ab34-73b6e8a9d6ac/elements[39m [90m{"value":"//*[@class = 'android.widget.TextView' and (@text = 'Bank Transfer History' or . = 'Bank Transfer History') and @resource-id = 'com.nexdha.nexpay:id/historyTitle']","using":"xpath"}[39m
[38;5;180m[9b39503c][0m[38;5;86m[HTTP][0m [37m<-- POST /wd/hub/session/9b39503c-7d37-442d-ab34-73b6e8a9d6ac/elements [39m[32m200[39m [90m382 ms - 139[39m [90m[39m
[38;5;180m[9b39503c][0m[38;5;86m[HTTP][0m [37m-->[39m [37mPOST[39m [37m/wd/hub/session/9b39503c-7d37-442d-ab34-73b6e8a9d6ac/timeouts[39m [90m{"implicit":60000}[39m
[38;5;180m[9b39503c][0m[38;5;86m[HTTP][0m [37m<-- POST /wd/hub/session/9b39503c-7d37-442d-ab34-73b6e8a9d6ac/timeouts [39m[32m200[39m [90m3 ms - 14[39m [90m[39m
[38;5;180m[9b39503c][0m[38;5;86m[HTTP][0m [37m-->[39m [37mPOST[39m [37m/wd/hub/session/9b39503c-7d37-442d-ab34-73b6e8a9d6ac/element/00000000-0000-0098-ffff-ffff000004db/click[39m [90m{"id":"00000000-0000-0098-ffff-ffff000004db"}[39m
[38;5;180m[9b39503c][0m[38;5;86m[HTTP][0m [37m<-- POST /wd/hub/session/9b39503c-7d37-442d-ab34-73b6e8a9d6ac/element/00000000-0000-0098-ffff-ffff000004db/click [39m[32m200[39m [90m89 ms - 14[39m [90m[39m
[38;5;180m[9b39503c][0m[38;5;86m[HTTP][0m [37m-->[39m [37mGET[39m [37m/wd/hub/session/9b39503c-7d37-442d-ab34-73b6e8a9d6ac/source[39m [90m{}[39m
[38;5;180m[9b39503c][0m[38;5;-111m[AndroidUiautomator2Driver@3bd3][0m Driver proxy active, passing request on via HTTP proxy
[38;5;180m[9b39503c][0m[38;5;-111m[AndroidUiautomator2Driver@3bd3][0m Replacing sessionId c654e46f-5901-452b-935f-74846536eb21 with 9b39503c-7d37-442d-ab34-73b6e8a9d6ac
[38;5;180m[9b39503c][0m[38;5;86m[HTTP][0m [37m<-- GET /wd/hub/session/9b39503c-7d37-442d-ab34-73b6e8a9d6ac/source [39m[32m200[39m [90m659 ms - 54570[39m [90m[39m
[38;5;180m[9b39503c][0m[38;5;86m[HTTP][0m [37m-->[39m [37mGET[39m [37m/wd/hub/session/9b39503c-7d37-442d-ab34-73b6e8a9d6ac/screenshot[39m [90m{}[39m
[38;5;180m[9b39503c][0m[38;5;86m[HTTP][0m [37m<-- GET /wd/hub/session/9b39503c-7d37-442d-ab34-73b6e8a9d6ac/screenshot [39m[32m200[39m [90m731 ms - 109852[39m [90m[39m
[38;5;180m[9b39503c][0m[38;5;86m[HTTP][0m [37m-->[39m [37mGET[39m [37m/wd/hub/session/9b39503c-7d37-442d-ab34-73b6e8a9d6ac/timeouts[39m [90m{}[39m
[38;5;180m[9b39503c][0m[38;5;86m[HTTP][0m [37m<-- GET /wd/hub/session/9b39503c-7d37-442d-ab34-73b6e8a9d6ac/timeouts [39m[32m200[39m [90m1 ms - 46[39m [90m[39m
[38;5;180m[9b39503c][0m[38;5;86m[HTTP][0m [37m-->[39m [37mPOST[39m [37m/wd/hub/session/9b39503c-7d37-442d-ab34-73b6e8a9d6ac/timeouts[39m [90m{"implicit":0}[39m
[38;5;180m[9b39503c][0m[38;5;86m[HTTP][0m [37m<-- POST /wd/hub/session/9b39503c-7d37-442d-ab34-73b6e8a9d6ac/timeouts [39m[32m200[39m [90m1 ms - 14[39m [90m[39m
[38;5;180m[9b39503c][0m[38;5;86m[HTTP][0m [37m-->[39m [37mPOST[39m [37m/wd/hub/session/9b39503c-7d37-442d-ab34-73b6e8a9d6ac/elements[39m [90m{"value":"//*[@class = 'android.widget.TextView' and (@text = 'FAILED' or . = 'FAILED') and @resource-id = 'com.nexdha.nexpay:id/tabText']","using":"xpath"}[39m
[38;5;180m[9b39503c][0m[38;5;86m[HTTP][0m [37m<-- POST /wd/hub/session/9b39503c-7d37-442d-ab34-73b6e8a9d6ac/elements [39m[32m200[39m [90m274 ms - 139[39m [90m[39m
[38;5;180m[9b39503c][0m[38;5;86m[HTTP][0m [37m-->[39m [37mPOST[39m [37m/wd/hub/session/9b39503c-7d37-442d-ab34-73b6e8a9d6ac/timeouts[39m [90m{"implicit":60000}[39m
[38;5;180m[9b39503c][0m[38;5;86m[HTTP][0m [37m<-- POST /wd/hub/session/9b39503c-7d37-442d-ab34-73b6e8a9d6ac/timeouts [39m[32m200[39m [90m3 ms - 14[39m [90m[39m
[38;5;180m[9b39503c][0m[38;5;86m[HTTP][0m [37m-->[39m [37mPOST[39m [37m/wd/hub/session/9b39503c-7d37-442d-ab34-73b6e8a9d6ac/element/00000000-0000-009b-ffff-ffff00000522/click[39m [90m{"id":"00000000-0000-009b-ffff-ffff00000522"}[39m
[38;5;180m[9b39503c][0m[38;5;86m[HTTP][0m [37m<-- POST /wd/hub/session/9b39503c-7d37-442d-ab34-73b6e8a9d6ac/element/00000000-0000-009b-ffff-ffff00000522/click [39m[32m200[39m [90m104 ms - 14[39m [90m[39m
[38;5;180m[9b39503c][0m[38;5;86m[HTTP][0m [37m-->[39m [37mGET[39m [37m/wd/hub/session/9b39503c-7d37-442d-ab34-73b6e8a9d6ac/source[39m [90m{}[39m
[38;5;180m[9b39503c][0m[38;5;-111m[AndroidUiautomator2Driver@3bd3][0m Driver proxy active, passing request on via HTTP proxy
[38;5;180m[9b39503c][0m[38;5;-111m[AndroidUiautomator2Driver@3bd3][0m Replacing sessionId c654e46f-5901-452b-935f-74846536eb21 with 9b39503c-7d37-442d-ab34-73b6e8a9d6ac
[38;5;180m[9b39503c][0m[38;5;86m[HTTP][0m [37m<-- GET /wd/hub/session/9b39503c-7d37-442d-ab34-73b6e8a9d6ac/source [39m[32m200[39m [90m694 ms - 54598[39m [90m[39m
[38;5;180m[9b39503c][0m[38;5;86m[HTTP][0m [37m-->[39m [37mGET[39m [37m/wd/hub/session/9b39503c-7d37-442d-ab34-73b6e8a9d6ac/screenshot[39m [90m{}[39m
[38;5;180m[9b39503c][0m[38;5;86m[HTTP][0m [37m<-- GET /wd/hub/session/9b39503c-7d37-442d-ab34-73b6e8a9d6ac/screenshot [39m[32m200[39m [90m687 ms - 285948[39m [90m[39m
[38;5;180m[9b39503c][0m[38;5;86m[HTTP][0m [37m-->[39m [37mGET[39m [37m/wd/hub/session/9b39503c-7d37-442d-ab34-73b6e8a9d6ac/source[39m [90m{}[39m
[38;5;180m[9b39503c][0m[38;5;-111m[AndroidUiautomator2Driver@3bd3][0m Driver proxy active, passing request on via HTTP proxy
[38;5;180m[9b39503c][0m[38;5;-111m[AndroidUiautomator2Driver@3bd3][0m Replacing sessionId c654e46f-5901-452b-935f-74846536eb21 with 9b39503c-7d37-442d-ab34-73b6e8a9d6ac
[38;5;180m[9b39503c][0m[38;5;86m[HTTP][0m [37m<-- GET /wd/hub/session/9b39503c-7d37-442d-ab34-73b6e8a9d6ac/source [39m[32m200[39m [90m602 ms - 149729[39m [90m[39m
[38;5;180m[9b39503c][0m[38;5;86m[HTTP][0m [37m-->[39m [37mGET[39m [37m/wd/hub/session/9b39503c-7d37-442d-ab34-73b6e8a9d6ac/screenshot[39m [90m{}[39m
[38;5;180m[9b39503c][0m[38;5;86m[HTTP][0m [37m<-- GET /wd/hub/session/9b39503c-7d37-442d-ab34-73b6e8a9d6ac/screenshot [39m[32m200[39m [90m718 ms - 285948[39m [90m[39m
[38;5;180m[9b39503c][0m[38;5;86m[HTTP][0m [37m-->[39m [37mGET[39m [37m/wd/hub/session/9b39503c-7d37-442d-ab34-73b6e8a9d6ac/timeouts[39m [90m{}[39m
[38;5;180m[9b39503c][0m[38;5;86m[HTTP][0m [37m<-- GET /wd/hub/session/9b39503c-7d37-442d-ab34-73b6e8a9d6ac/timeouts [39m[32m200[39m [90m1 ms - 46[39m [90m[39m
[38;5;180m[9b39503c][0m[38;5;86m[HTTP][0m [37m-->[39m [37mPOST[39m [37m/wd/hub/session/9b39503c-7d37-442d-ab34-73b6e8a9d6ac/timeouts[39m [90m{"implicit":0}[39m
[38;5;180m[9b39503c][0m[38;5;86m[HTTP][0m [37m<-- POST /wd/hub/session/9b39503c-7d37-442d-ab34-73b6e8a9d6ac/timeouts [39m[32m200[39m [90m1 ms - 14[39m [90m[39m
[38;5;180m[9b39503c][0m[38;5;86m[HTTP][0m [37m-->[39m [37mPOST[39m [37m/wd/hub/session/9b39503c-7d37-442d-ab34-73b6e8a9d6ac/elements[39m [90m{"value":"//*[@class = 'android.widget.LinearLayout' and (@text = '' or . = '')]","using":"xpath"}[39m
[38;5;180m[9b39503c][0m[38;5;86m[HTTP][0m [37m<-- POST /wd/hub/session/9b39503c-7d37-442d-ab34-73b6e8a9d6ac/elements [39m[32m200[39m [90m533 ms - 8459[39m [90m[39m
[38;5;180m[9b39503c][0m[38;5;86m[HTTP][0m [37m-->[39m [37mPOST[39m [37m/wd/hub/session/9b39503c-7d37-442d-ab34-73b6e8a9d6ac/timeouts[39m [90m{"implicit":60000}[39m
[38;5;180m[9b39503c][0m[38;5;86m[HTTP][0m [37m<-- POST /wd/hub/session/9b39503c-7d37-442d-ab34-73b6e8a9d6ac/timeouts [39m[32m200[39m [90m4 ms - 14[39m [90m[39m
[38;5;180m[9b39503c][0m[38;5;86m[HTTP][0m [37m-->[39m [37mPOST[39m [37m/wd/hub/session/9b39503c-7d37-442d-ab34-73b6e8a9d6ac/element/00000000-0000-009b-ffff-ffff000004fe/click[39m [90m{"id":"00000000-0000-009b-ffff-ffff000004fe"}[39m
[38;5;180m[9b39503c][0m[38;5;86m[HTTP][0m [37m<-- POST /wd/hub/session/9b39503c-7d37-442d-ab34-73b6e8a9d6ac/element/00000000-0000-009b-ffff-ffff000004fe/click [39m[32m200[39m [90m92 ms - 14[39m [90m[39m
[38;5;180m[9b39503c][0m[38;5;86m[HTTP][0m [37m-->[39m [37mGET[39m [37m/wd/hub/session/9b39503c-7d37-442d-ab34-73b6e8a9d6ac/source[39m [90m{}[39m
[38;5;180m[9b39503c][0m[38;5;-111m[AndroidUiautomator2Driver@3bd3][0m Driver proxy active, passing request on via HTTP proxy
[38;5;180m[9b39503c][0m[38;5;-111m[AndroidUiautomator2Driver@3bd3][0m Replacing sessionId c654e46f-5901-452b-935f-74846536eb21 with 9b39503c-7d37-442d-ab34-73b6e8a9d6ac
[38;5;180m[9b39503c][0m[38;5;86m[HTTP][0m [37m<-- GET /wd/hub/session/9b39503c-7d37-442d-ab34-73b6e8a9d6ac/source [39m[32m200[39m [90m1026 ms - 80767[39m [90m[39m
[38;5;180m[9b39503c][0m[38;5;86m[HTTP][0m [37m-->[39m [37mGET[39m [37m/wd/hub/session/9b39503c-7d37-442d-ab34-73b6e8a9d6ac/screenshot[39m [90m{}[39m
[38;5;180m[9b39503c][0m[38;5;86m[HTTP][0m [37m<-- GET /wd/hub/session/9b39503c-7d37-442d-ab34-73b6e8a9d6ac/screenshot [39m[32m200[39m [90m747 ms - 336872[39m [90m[39m
[38;5;180m[9b39503c][0m[38;5;86m[HTTP][0m [37m-->[39m [37mGET[39m [37m/wd/hub/session/9b39503c-7d37-442d-ab34-73b6e8a9d6ac/timeouts[39m [90m{}[39m
[38;5;180m[9b39503c][0m[38;5;86m[HTTP][0m [37m<-- GET /wd/hub/session/9b39503c-7d37-442d-ab34-73b6e8a9d6ac/timeouts [39m[32m200[39m [90m1 ms - 46[39m [90m[39m
[38;5;180m[9b39503c][0m[38;5;86m[HTTP][0m [37m-->[39m [37mPOST[39m [37m/wd/hub/session/9b39503c-7d37-442d-ab34-73b6e8a9d6ac/timeouts[39m [90m{"implicit":0}[39m
[38;5;180m[9b39503c][0m[38;5;86m[HTTP][0m [37m<-- POST /wd/hub/session/9b39503c-7d37-442d-ab34-73b6e8a9d6ac/timeouts [39m[32m200[39m [90m1 ms - 14[39m [90m[39m
[38;5;180m[9b39503c][0m[38;5;86m[HTTP][0m [37m-->[39m [37mPOST[39m [37m/wd/hub/session/9b39503c-7d37-442d-ab34-73b6e8a9d6ac/elements[39m [90m{"value":"//*[@class = 'android.widget.ImageView' and @resource-id = 'com.nexdha.nexpay:id/common_top_back_icon' and (@text = '' or . = '')]","using":"xpath"}[39m
[38;5;180m[9b39503c][0m[38;5;86m[HTTP][0m [37m<-- POST /wd/hub/session/9b39503c-7d37-442d-ab34-73b6e8a9d6ac/elements [39m[32m200[39m [90m389 ms - 139[39m [90m[39m
[38;5;180m[9b39503c][0m[38;5;86m[HTTP][0m [37m-->[39m [37mPOST[39m [37m/wd/hub/session/9b39503c-7d37-442d-ab34-73b6e8a9d6ac/timeouts[39m [90m{"implicit":60000}[39m
[38;5;180m[9b39503c][0m[38;5;86m[HTTP][0m [37m<-- POST /wd/hub/session/9b39503c-7d37-442d-ab34-73b6e8a9d6ac/timeouts [39m[32m200[39m [90m5 ms - 14[39m [90m[39m
[38;5;180m[9b39503c][0m[38;5;86m[HTTP][0m [37m-->[39m [37mPOST[39m [37m/wd/hub/session/9b39503c-7d37-442d-ab34-73b6e8a9d6ac/element/00000000-0000-009c-ffff-ffff000006cd/click[39m [90m{"id":"00000000-0000-009c-ffff-ffff000006cd"}[39m
[38;5;180m[9b39503c][0m[38;5;86m[HTTP][0m [37m<-- POST /wd/hub/session/9b39503c-7d37-442d-ab34-73b6e8a9d6ac/element/00000000-0000-009c-ffff-ffff000006cd/click [39m[32m200[39m [90m1012 ms - 14[39m [90m[39m
[38;5;180m[9b39503c][0m[38;5;86m[HTTP][0m [37m-->[39m [37mGET[39m [37m/wd/hub/session/9b39503c-7d37-442d-ab34-73b6e8a9d6ac/source[39m [90m{}[39m
[38;5;180m[9b39503c][0m[38;5;-111m[AndroidUiautomator2Driver@3bd3][0m Driver proxy active, passing request on via HTTP proxy
[38;5;180m[9b39503c][0m[38;5;-111m[AndroidUiautomator2Driver@3bd3][0m Replacing sessionId c654e46f-5901-452b-935f-74846536eb21 with 9b39503c-7d37-442d-ab34-73b6e8a9d6ac
[38;5;180m[9b39503c][0m[38;5;86m[HTTP][0m [37m<-- GET /wd/hub/session/9b39503c-7d37-442d-ab34-73b6e8a9d6ac/source [39m[32m200[39m [90m578 ms - 149729[39m [90m[39m
[38;5;180m[9b39503c][0m[38;5;86m[HTTP][0m [37m-->[39m [37mGET[39m [37m/wd/hub/session/9b39503c-7d37-442d-ab34-73b6e8a9d6ac/screenshot[39m [90m{}[39m
[38;5;180m[9b39503c][0m[38;5;86m[HTTP][0m [37m<-- GET /wd/hub/session/9b39503c-7d37-442d-ab34-73b6e8a9d6ac/screenshot [39m[32m200[39m [90m759 ms - 286060[39m [90m[39m
[38;5;180m[9b39503c][0m[38;5;86m[HTTP][0m [37m-->[39m [37mPOST[39m [37m/wd/hub/session/9b39503c-7d37-442d-ab34-73b6e8a9d6ac/execute/sync[39m [90m{"args":[{"keycode":4}],"script":"mobile: pressKey"}[39m
[38;5;180m[9b39503c][0m[38;5;86m[HTTP][0m [37m<-- POST /wd/hub/session/9b39503c-7d37-442d-ab34-73b6e8a9d6ac/execute/sync [39m[32m200[39m [90m653 ms - 14[39m [90m[39m
[38;5;180m[9b39503c][0m[38;5;86m[HTTP][0m [37m-->[39m [37mGET[39m [37m/wd/hub/session/9b39503c-7d37-442d-ab34-73b6e8a9d6ac/source[39m [90m{}[39m
[38;5;180m[9b39503c][0m[38;5;-111m[AndroidUiautomator2Driver@3bd3][0m Driver proxy active, passing request on via HTTP proxy
[38;5;180m[9b39503c][0m[38;5;-111m[AndroidUiautomator2Driver@3bd3][0m Replacing sessionId c654e46f-5901-452b-935f-74846536eb21 with 9b39503c-7d37-442d-ab34-73b6e8a9d6ac
[38;5;180m[9b39503c][0m[38;5;86m[HTTP][0m [37m<-- GET /wd/hub/session/9b39503c-7d37-442d-ab34-73b6e8a9d6ac/source [39m[32m200[39m [90m386 ms - 59919[39m [90m[39m
[38;5;180m[9b39503c][0m[38;5;86m[HTTP][0m [37m-->[39m [37mGET[39m [37m/wd/hub/session/9b39503c-7d37-442d-ab34-73b6e8a9d6ac/screenshot[39m [90m{}[39m
[38;5;180m[9b39503c][0m[38;5;86m[HTTP][0m [37m<-- GET /wd/hub/session/9b39503c-7d37-442d-ab34-73b6e8a9d6ac/screenshot [39m[32m200[39m [90m843 ms - 198340[39m [90m[39m
[38;5;180m[9b39503c][0m[38;5;86m[HTTP][0m [37m-->[39m [37mGET[39m [37m/wd/hub/session/9b39503c-7d37-442d-ab34-73b6e8a9d6ac/timeouts[39m [90m{}[39m
[38;5;180m[9b39503c][0m[38;5;86m[HTTP][0m [37m<-- GET /wd/hub/session/9b39503c-7d37-442d-ab34-73b6e8a9d6ac/timeouts [39m[32m200[39m [90m1 ms - 46[39m [90m[39m
[38;5;180m[9b39503c][0m[38;5;86m[HTTP][0m [37m-->[39m [37mPOST[39m [37m/wd/hub/session/9b39503c-7d37-442d-ab34-73b6e8a9d6ac/timeouts[39m [90m{"implicit":0}[39m
[38;5;180m[9b39503c][0m[38;5;86m[HTTP][0m [37m<-- POST /wd/hub/session/9b39503c-7d37-442d-ab34-73b6e8a9d6ac/timeouts [39m[32m200[39m [90m1 ms - 14[39m [90m[39m
[38;5;180m[9b39503c][0m[38;5;86m[HTTP][0m [37m-->[39m [37mPOST[39m [37m/wd/hub/session/9b39503c-7d37-442d-ab34-73b6e8a9d6ac/elements[39m [90m{"value":"//*[@class = 'android.widget.TextView' and (@text = 'Credit Card Bill History' or . = 'Credit Card Bill History') and @resource-id = 'com.nexdha.nexpay:id/historyTitle']","using":"xpath"}[39m
[38;5;180m[9b39503c][0m[38;5;86m[HTTP][0m [37m<-- POST /wd/hub/session/9b39503c-7d37-442d-ab34-73b6e8a9d6ac/elements [39m[32m200[39m [90m519 ms - 139[39m [90m[39m
[38;5;180m[9b39503c][0m[38;5;86m[HTTP][0m [37m-->[39m [37mPOST[39m [37m/wd/hub/session/9b39503c-7d37-442d-ab34-73b6e8a9d6ac/timeouts[39m [90m{"implicit":60000}[39m
[38;5;180m[9b39503c][0m[38;5;86m[HTTP][0m [37m<-- POST /wd/hub/session/9b39503c-7d37-442d-ab34-73b6e8a9d6ac/timeouts [39m[32m200[39m [90m2 ms - 14[39m [90m[39m
[38;5;180m[9b39503c][0m[38;5;86m[HTTP][0m [37m-->[39m [37mPOST[39m [37m/wd/hub/session/9b39503c-7d37-442d-ab34-73b6e8a9d6ac/element/00000000-0000-0098-ffff-ffff0000078f/click[39m [90m{"id":"00000000-0000-0098-ffff-ffff0000078f"}[39m
[38;5;180m[9b39503c][0m[38;5;86m[HTTP][0m [37m<-- POST /wd/hub/session/9b39503c-7d37-442d-ab34-73b6e8a9d6ac/element/00000000-0000-0098-ffff-ffff0000078f/click [39m[32m200[39m [90m128 ms - 14[39m [90m[39m
[38;5;180m[9b39503c][0m[38;5;86m[HTTP][0m [37m-->[39m [37mGET[39m [37m/wd/hub/session/9b39503c-7d37-442d-ab34-73b6e8a9d6ac/source[39m [90m{}[39m
[38;5;180m[9b39503c][0m[38;5;-111m[AndroidUiautomator2Driver@3bd3][0m Driver proxy active, passing request on via HTTP proxy
[38;5;180m[9b39503c][0m[38;5;-111m[AndroidUiautomator2Driver@3bd3][0m Replacing sessionId c654e46f-5901-452b-935f-74846536eb21 with 9b39503c-7d37-442d-ab34-73b6e8a9d6ac
[38;5;180m[9b39503c][0m[38;5;86m[HTTP][0m [37m<-- GET /wd/hub/session/9b39503c-7d37-442d-ab34-73b6e8a9d6ac/source [39m[32m200[39m [90m516 ms - 54573[39m [90m[39m
[38;5;180m[9b39503c][0m[38;5;86m[HTTP][0m [37m-->[39m [37mGET[39m [37m/wd/hub/session/9b39503c-7d37-442d-ab34-73b6e8a9d6ac/screenshot[39m [90m{}[39m
[38;5;180m[9b39503c][0m[38;5;86m[HTTP][0m [37m<-- GET /wd/hub/session/9b39503c-7d37-442d-ab34-73b6e8a9d6ac/screenshot [39m[32m200[39m [90m840 ms - 111432[39m [90m[39m
[38;5;180m[9b39503c][0m[38;5;86m[HTTP][0m [37m-->[39m [37mGET[39m [37m/wd/hub/session/9b39503c-7d37-442d-ab34-73b6e8a9d6ac/timeouts[39m [90m{}[39m
[38;5;180m[9b39503c][0m[38;5;86m[HTTP][0m [37m<-- GET /wd/hub/session/9b39503c-7d37-442d-ab34-73b6e8a9d6ac/timeouts [39m[32m200[39m [90m1 ms - 46[39m [90m[39m
[38;5;180m[9b39503c][0m[38;5;86m[HTTP][0m [37m-->[39m [37mPOST[39m [37m/wd/hub/session/9b39503c-7d37-442d-ab34-73b6e8a9d6ac/timeouts[39m [90m{"implicit":0}[39m
[38;5;180m[9b39503c][0m[38;5;86m[HTTP][0m [37m<-- POST /wd/hub/session/9b39503c-7d37-442d-ab34-73b6e8a9d6ac/timeouts [39m[32m200[39m [90m1 ms - 14[39m [90m[39m
[38;5;180m[9b39503c][0m[38;5;86m[HTTP][0m [37m-->[39m [37mPOST[39m [37m/wd/hub/session/9b39503c-7d37-442d-ab34-73b6e8a9d6ac/elements[39m [90m{"value":"//*[@class = 'android.widget.TextView' and (@text = 'FAILED' or . = 'FAILED') and @resource-id = 'com.nexdha.nexpay:id/tabText']","using":"xpath"}[39m
[38;5;180m[9b39503c][0m[38;5;86m[HTTP][0m [37m<-- POST /wd/hub/session/9b39503c-7d37-442d-ab34-73b6e8a9d6ac/elements [39m[32m200[39m [90m276 ms - 139[39m [90m[39m
[38;5;180m[9b39503c][0m[38;5;86m[HTTP][0m [37m-->[39m [37mPOST[39m [37m/wd/hub/session/9b39503c-7d37-442d-ab34-73b6e8a9d6ac/timeouts[39m [90m{"implicit":60000}[39m
[38;5;180m[9b39503c][0m[38;5;86m[HTTP][0m [37m<-- POST /wd/hub/session/9b39503c-7d37-442d-ab34-73b6e8a9d6ac/timeouts [39m[32m200[39m [90m2 ms - 14[39m [90m[39m
[38;5;180m[9b39503c][0m[38;5;86m[HTTP][0m [37m-->[39m [37mPOST[39m [37m/wd/hub/session/9b39503c-7d37-442d-ab34-73b6e8a9d6ac/element/00000000-0000-009f-ffff-ffff000007c4/click[39m [90m{"id":"00000000-0000-009f-ffff-ffff000007c4"}[39m
[38;5;180m[9b39503c][0m[38;5;86m[HTTP][0m [37m<-- POST /wd/hub/session/9b39503c-7d37-442d-ab34-73b6e8a9d6ac/element/00000000-0000-009f-ffff-ffff000007c4/click [39m[32m200[39m [90m103 ms - 14[39m [90m[39m
[38;5;180m[9b39503c][0m[38;5;86m[HTTP][0m [37m-->[39m [37mGET[39m [37m/wd/hub/session/9b39503c-7d37-442d-ab34-73b6e8a9d6ac/source[39m [90m{}[39m
[38;5;180m[9b39503c][0m[38;5;-111m[AndroidUiautomator2Driver@3bd3][0m Driver proxy active, passing request on via HTTP proxy
[38;5;180m[9b39503c][0m[38;5;-111m[AndroidUiautomator2Driver@3bd3][0m Replacing sessionId c654e46f-5901-452b-935f-74846536eb21 with 9b39503c-7d37-442d-ab34-73b6e8a9d6ac
[38;5;180m[9b39503c][0m[38;5;86m[HTTP][0m [37m<-- GET /wd/hub/session/9b39503c-7d37-442d-ab34-73b6e8a9d6ac/source [39m[32m200[39m [90m840 ms - 132076[39m [90m[39m
[38;5;180m[9b39503c][0m[38;5;86m[HTTP][0m [37m-->[39m [37mGET[39m [37m/wd/hub/session/9b39503c-7d37-442d-ab34-73b6e8a9d6ac/screenshot[39m [90m{}[39m
[38;5;180m[9b39503c][0m[38;5;86m[HTTP][0m [37m<-- GET /wd/hub/session/9b39503c-7d37-442d-ab34-73b6e8a9d6ac/screenshot [39m[32m200[39m [90m759 ms - 237168[39m [90m[39m
[38;5;180m[9b39503c][0m[38;5;86m[HTTP][0m [37m-->[39m [37mGET[39m [37m/wd/hub/session/9b39503c-7d37-442d-ab34-73b6e8a9d6ac/timeouts[39m [90m{}[39m
[38;5;180m[9b39503c][0m[38;5;86m[HTTP][0m [37m<-- GET /wd/hub/session/9b39503c-7d37-442d-ab34-73b6e8a9d6ac/timeouts [39m[32m200[39m [90m1 ms - 46[39m [90m[39m
[38;5;180m[9b39503c][0m[38;5;86m[HTTP][0m [37m-->[39m [37mPOST[39m [37m/wd/hub/session/9b39503c-7d37-442d-ab34-73b6e8a9d6ac/timeouts[39m [90m{"implicit":0}[39m
[38;5;180m[9b39503c][0m[38;5;86m[HTTP][0m [37m<-- POST /wd/hub/session/9b39503c-7d37-442d-ab34-73b6e8a9d6ac/timeouts [39m[32m200[39m [90m1 ms - 14[39m [90m[39m
[38;5;180m[9b39503c][0m[38;5;86m[HTTP][0m [37m-->[39m [37mPOST[39m [37m/wd/hub/session/9b39503c-7d37-442d-ab34-73b6e8a9d6ac/elements[39m [90m{"value":"//*[@class = 'android.widget.LinearLayout' and @resource-id = 'com.nexdha.nexpay:id/mainView' and (@text = '' or . = '')]","using":"xpath"}[39m
[38;5;180m[9b39503c][0m[38;5;86m[HTTP][0m [37m<-- POST /wd/hub/session/9b39503c-7d37-442d-ab34-73b6e8a9d6ac/elements [39m[32m200[39m [90m498 ms - 779[39m [90m[39m
[38;5;180m[9b39503c][0m[38;5;86m[HTTP][0m [37m-->[39m [37mPOST[39m [37m/wd/hub/session/9b39503c-7d37-442d-ab34-73b6e8a9d6ac/timeouts[39m [90m{"implicit":60000}[39m
[38;5;180m[9b39503c][0m[38;5;86m[HTTP][0m [37m<-- POST /wd/hub/session/9b39503c-7d37-442d-ab34-73b6e8a9d6ac/timeouts [39m[32m200[39m [90m2 ms - 14[39m [90m[39m
[38;5;180m[9b39503c][0m[38;5;86m[HTTP][0m [37m-->[39m [37mPOST[39m [37m/wd/hub/session/9b39503c-7d37-442d-ab34-73b6e8a9d6ac/element/00000000-0000-009f-ffff-ffff00000893/click[39m [90m{"id":"00000000-0000-009f-ffff-ffff00000893"}[39m
[38;5;180m[9b39503c][0m[38;5;86m[HTTP][0m [37m<-- POST /wd/hub/session/9b39503c-7d37-442d-ab34-73b6e8a9d6ac/element/00000000-0000-009f-ffff-ffff00000893/click [39m[32m200[39m [90m90 ms - 14[39m [90m[39m
[38;5;180m[9b39503c][0m[38;5;86m[HTTP][0m [37m-->[39m [37mGET[39m [37m/wd/hub/session/9b39503c-7d37-442d-ab34-73b6e8a9d6ac/source[39m [90m{}[39m
[38;5;180m[9b39503c][0m[38;5;-111m[AndroidUiautomator2Driver@3bd3][0m Driver proxy active, passing request on via HTTP proxy
[38;5;180m[9b39503c][0m[38;5;-111m[AndroidUiautomator2Driver@3bd3][0m Replacing sessionId c654e46f-5901-452b-935f-74846536eb21 with 9b39503c-7d37-442d-ab34-73b6e8a9d6ac
[38;5;180m[9b39503c][0m[38;5;86m[HTTP][0m [37m<-- GET /wd/hub/session/9b39503c-7d37-442d-ab34-73b6e8a9d6ac/source [39m[32m200[39m [90m816 ms - 68938[39m [90m[39m
[38;5;180m[9b39503c][0m[38;5;86m[HTTP][0m [37m-->[39m [37mGET[39m [37m/wd/hub/session/9b39503c-7d37-442d-ab34-73b6e8a9d6ac/screenshot[39m [90m{}[39m
[38;5;180m[9b39503c][0m[38;5;86m[HTTP][0m [37m<-- GET /wd/hub/session/9b39503c-7d37-442d-ab34-73b6e8a9d6ac/screenshot [39m[32m200[39m [90m1277 ms - 248036[39m [90m[39m
[38;5;180m[9b39503c][0m[38;5;86m[HTTP][0m [37m-->[39m [37mPOST[39m [37m/wd/hub/session/9b39503c-7d37-442d-ab34-73b6e8a9d6ac/execute/sync[39m [90m{"args":[{"keycode":4}],"script":"mobile: pressKey"}[39m
[38;5;180m[9b39503c][0m[38;5;86m[HTTP][0m [37m<-- POST /wd/hub/session/9b39503c-7d37-442d-ab34-73b6e8a9d6ac/execute/sync [39m[32m200[39m [90m472 ms - 14[39m [90m[39m
[38;5;180m[9b39503c][0m[38;5;86m[HTTP][0m [37m-->[39m [37mGET[39m [37m/wd/hub/session/9b39503c-7d37-442d-ab34-73b6e8a9d6ac/source[39m [90m{}[39m
[38;5;180m[9b39503c][0m[38;5;-111m[AndroidUiautomator2Driver@3bd3][0m Driver proxy active, passing request on via HTTP proxy
[38;5;180m[9b39503c][0m[38;5;-111m[AndroidUiautomator2Driver@3bd3][0m Replacing sessionId c654e46f-5901-452b-935f-74846536eb21 with 9b39503c-7d37-442d-ab34-73b6e8a9d6ac
[38;5;180m[9b39503c][0m[38;5;86m[HTTP][0m [37m<-- GET /wd/hub/session/9b39503c-7d37-442d-ab34-73b6e8a9d6ac/source [39m[32m200[39m [90m588 ms - 132076[39m [90m[39m
[38;5;180m[9b39503c][0m[38;5;86m[HTTP][0m [37m-->[39m [37mGET[39m [37m/wd/hub/session/9b39503c-7d37-442d-ab34-73b6e8a9d6ac/screenshot[39m [90m{}[39m
[38;5;180m[9b39503c][0m[38;5;86m[HTTP][0m [37m<-- GET /wd/hub/session/9b39503c-7d37-442d-ab34-73b6e8a9d6ac/screenshot [39m[32m200[39m [90m735 ms - 237368[39m [90m[39m
[38;5;180m[9b39503c][0m[38;5;86m[HTTP][0m [37m-->[39m [37mPOST[39m [37m/wd/hub/session/9b39503c-7d37-442d-ab34-73b6e8a9d6ac/execute/sync[39m [90m{"args":[{"keycode":4}],"script":"mobile: pressKey"}[39m
[38;5;180m[9b39503c][0m[38;5;86m[HTTP][0m [37m<-- POST /wd/hub/session/9b39503c-7d37-442d-ab34-73b6e8a9d6ac/execute/sync [39m[32m200[39m [90m612 ms - 14[39m [90m[39m
[38;5;180m[9b39503c][0m[38;5;86m[HTTP][0m [37m-->[39m [37mGET[39m [37m/wd/hub/session/9b39503c-7d37-442d-ab34-73b6e8a9d6ac/source[39m [90m{}[39m
[38;5;180m[9b39503c][0m[38;5;-111m[AndroidUiautomator2Driver@3bd3][0m Driver proxy active, passing request on via HTTP proxy
[38;5;180m[9b39503c][0m[38;5;-111m[AndroidUiautomator2Driver@3bd3][0m Replacing sessionId c654e46f-5901-452b-935f-74846536eb21 with 9b39503c-7d37-442d-ab34-73b6e8a9d6ac
[38;5;180m[9b39503c][0m[38;5;86m[HTTP][0m [37m<-- GET /wd/hub/session/9b39503c-7d37-442d-ab34-73b6e8a9d6ac/source [39m[32m200[39m [90m377 ms - 59919[39m [90m[39m
[38;5;180m[9b39503c][0m[38;5;86m[HTTP][0m [37m-->[39m [37mGET[39m [37m/wd/hub/session/9b39503c-7d37-442d-ab34-73b6e8a9d6ac/screenshot[39m [90m{}[39m
[38;5;180m[9b39503c][0m[38;5;86m[HTTP][0m [37m<-- GET /wd/hub/session/9b39503c-7d37-442d-ab34-73b6e8a9d6ac/screenshot [39m[32m200[39m [90m883 ms - 198880[39m [90m[39m
[38;5;180m[9b39503c][0m[38;5;86m[HTTP][0m [37m-->[39m [37mGET[39m [37m/wd/hub/session/9b39503c-7d37-442d-ab34-73b6e8a9d6ac/timeouts[39m [90m{}[39m
[38;5;180m[9b39503c][0m[38;5;86m[HTTP][0m [37m<-- GET /wd/hub/session/9b39503c-7d37-442d-ab34-73b6e8a9d6ac/timeouts [39m[32m200[39m [90m1 ms - 46[39m [90m[39m
[38;5;180m[9b39503c][0m[38;5;86m[HTTP][0m [37m-->[39m [37mPOST[39m [37m/wd/hub/session/9b39503c-7d37-442d-ab34-73b6e8a9d6ac/timeouts[39m [90m{"implicit":0}[39m
[38;5;180m[9b39503c][0m[38;5;86m[HTTP][0m [37m<-- POST /wd/hub/session/9b39503c-7d37-442d-ab34-73b6e8a9d6ac/timeouts [39m[32m200[39m [90m1 ms - 14[39m [90m[39m
[38;5;180m[9b39503c][0m[38;5;86m[HTTP][0m [37m-->[39m [37mPOST[39m [37m/wd/hub/session/9b39503c-7d37-442d-ab34-73b6e8a9d6ac/elements[39m [90m{"value":"//*[@class = 'android.widget.LinearLayout' and @resource-id = 'com.nexdha.nexpay:id/navigation_bar_item_content_container' and (@text = '' or . = '')]","using":"xpath"}[39m
[38;5;180m[9b39503c][0m[38;5;86m[HTTP][0m [37m<-- POST /wd/hub/session/9b39503c-7d37-442d-ab34-73b6e8a9d6ac/elements [39m[32m200[39m [90m632 ms - 395[39m [90m[39m
[38;5;180m[9b39503c][0m[38;5;86m[HTTP][0m [37m-->[39m [37mPOST[39m [37m/wd/hub/session/9b39503c-7d37-442d-ab34-73b6e8a9d6ac/timeouts[39m [90m{"implicit":60000}[39m
[38;5;180m[9b39503c][0m[38;5;86m[HTTP][0m [37m<-- POST /wd/hub/session/9b39503c-7d37-442d-ab34-73b6e8a9d6ac/timeouts [39m[32m200[39m [90m3 ms - 14[39m [90m[39m
[38;5;180m[9b39503c][0m[38;5;86m[HTTP][0m [37m-->[39m [37mPOST[39m [37m/wd/hub/session/9b39503c-7d37-442d-ab34-73b6e8a9d6ac/element/00000000-0000-0098-ffff-ffff00000025/click[39m [90m{"id":"00000000-0000-0098-ffff-ffff00000025"}[39m
[38;5;180m[9b39503c][0m[38;5;86m[HTTP][0m [37m<-- POST /wd/hub/session/9b39503c-7d37-442d-ab34-73b6e8a9d6ac/element/00000000-0000-0098-ffff-ffff00000025/click [39m[32m200[39m [90m1980 ms - 14[39m [90m[39m
[38;5;180m[9b39503c][0m[38;5;86m[HTTP][0m [37m-->[39m [37mGET[39m [37m/wd/hub/session/9b39503c-7d37-442d-ab34-73b6e8a9d6ac/source[39m [90m{}[39m
[38;5;180m[9b39503c][0m[38;5;-111m[AndroidUiautomator2Driver@3bd3][0m Driver proxy active, passing request on via HTTP proxy
[38;5;180m[9b39503c][0m[38;5;-111m[AndroidUiautomator2Driver@3bd3][0m Replacing sessionId c654e46f-5901-452b-935f-74846536eb21 with 9b39503c-7d37-442d-ab34-73b6e8a9d6ac
[38;5;180m[9b39503c][0m[38;5;86m[HTTP][0m [37m<-- GET /wd/hub/session/9b39503c-7d37-442d-ab34-73b6e8a9d6ac/source [39m[32m200[39m [90m560 ms - 146514[39m [90m[39m
[38;5;180m[9b39503c][0m[38;5;86m[HTTP][0m [37m-->[39m [37mGET[39m [37m/wd/hub/session/9b39503c-7d37-442d-ab34-73b6e8a9d6ac/screenshot[39m [90m{}[39m
[38;5;180m[9b39503c][0m[38;5;86m[HTTP][0m [37m<-- GET /wd/hub/session/9b39503c-7d37-442d-ab34-73b6e8a9d6ac/screenshot [39m[32m200[39m [90m1014 ms - 707480[39m [90m[39m
[38;5;180m[9b39503c][0m[38;5;86m[HTTP][0m [37m-->[39m [37mDELETE[39m [37m/wd/hub/session/9b39503c-7d37-442d-ab34-73b6e8a9d6ac[39m [90m{}[39m
[38;5;180m[9b39503c][0m[38;5;147m[AppiumDriver@554c][0m Removing session 9b39503c-7d37-442d-ab34-73b6e8a9d6ac from our master session list
[38;5;180m[9b39503c][0m[38;5;-111m[AndroidUiautomator2Driver@3bd3][0m Restoring hidden api policy to the device default configuration
[38;5;180m[9b39503c][0m[38;5;86m[HTTP][0m [37m<-- DELETE /wd/hub/session/9b39503c-7d37-442d-ab34-73b6e8a9d6ac [39m[32m200[39m [90m879 ms - 14[39m [90m[39m
